mode: atomic
github.com/lucky-pocket/luckyPocket-back/internal/domain/data/constant/enum.go:10.30,11.11 1 0
github.com/lucky-pocket/luckyPocket-back/internal/domain/data/constant/enum.go:12.32,13.14 1 0
github.com/lucky-pocket/luckyPocket-back/internal/domain/data/constant/enum.go:15.2,15.14 1 0
github.com/lucky-pocket/luckyPocket-back/internal/domain/data/constant/enum.go:18.43,19.55 1 0
github.com/lucky-pocket/luckyPocket-back/internal/domain/data/constant/enum.go:19.55,21.3 1 0
github.com/lucky-pocket/luckyPocket-back/internal/domain/data/constant/enum.go:22.2,22.8 1 0
github.com/lucky-pocket/luckyPocket-back/internal/domain/data/constant/enum.go:32.28,33.11 1 0
github.com/lucky-pocket/luckyPocket-back/internal/domain/data/constant/enum.go:34.29,35.14 1 0
github.com/lucky-pocket/luckyPocket-back/internal/domain/data/constant/enum.go:37.2,37.14 1 0
github.com/lucky-pocket/luckyPocket-back/internal/domain/data/constant/enum.go:40.39,41.50 1 0
github.com/lucky-pocket/luckyPocket-back/internal/domain/data/constant/enum.go:41.50,43.3 1 0
github.com/lucky-pocket/luckyPocket-back/internal/domain/data/constant/enum.go:44.2,44.8 1 0
github.com/lucky-pocket/luckyPocket-back/internal/domain/data/constant/enum.go:55.32,56.11 1 0
github.com/lucky-pocket/luckyPocket-back/internal/domain/data/constant/enum.go:57.46,58.14 1 0
github.com/lucky-pocket/luckyPocket-back/internal/domain/data/constant/enum.go:60.2,60.14 1 0
github.com/lucky-pocket/luckyPocket-back/internal/domain/data/constant/enum.go:63.47,64.72 1 0
github.com/lucky-pocket/luckyPocket-back/internal/domain/data/constant/enum.go:64.72,66.3 1 0
github.com/lucky-pocket/luckyPocket-back/internal/domain/data/constant/enum.go:67.2,67.8 1 0
github.com/lucky-pocket/luckyPocket-back/internal/domain/data/constant/enum.go:77.34,78.11 1 0
github.com/lucky-pocket/luckyPocket-back/internal/domain/data/constant/enum.go:79.46,80.14 1 0
github.com/lucky-pocket/luckyPocket-back/internal/domain/data/constant/enum.go:82.2,82.14 1 0
github.com/lucky-pocket/luckyPocket-back/internal/domain/data/constant/enum.go:85.51,86.74 1 0
github.com/lucky-pocket/luckyPocket-back/internal/domain/data/constant/enum.go:86.74,88.3 1 0
github.com/lucky-pocket/luckyPocket-back/internal/domain/data/constant/enum.go:89.2,89.8 1 0
github.com/lucky-pocket/luckyPocket-back/internal/domain/data/constant/enum.go:99.32,100.11 1 0
github.com/lucky-pocket/luckyPocket-back/internal/domain/data/constant/enum.go:101.37,102.14 1 0
github.com/lucky-pocket/luckyPocket-back/internal/domain/data/constant/enum.go:104.2,104.14 1 0
github.com/lucky-pocket/luckyPocket-back/internal/domain/data/constant/enum.go:107.47,108.63 1 0
github.com/lucky-pocket/luckyPocket-back/internal/domain/data/constant/enum.go:108.63,110.3 1 0
github.com/lucky-pocket/luckyPocket-back/internal/domain/data/constant/enum.go:111.2,111.8 1 0
github.com/lucky-pocket/luckyPocket-back/internal/global/auth/info.go:20.61,22.2 1 2
github.com/lucky-pocket/luckyPocket-back/internal/global/auth/info.go:25.50,27.9 2 4
github.com/lucky-pocket/luckyPocket-back/internal/global/auth/info.go:27.9,29.3 1 2
github.com/lucky-pocket/luckyPocket-back/internal/global/auth/info.go:30.2,30.18 1 2
github.com/lucky-pocket/luckyPocket-back/internal/global/auth/info.go:34.45,36.16 2 2
github.com/lucky-pocket/luckyPocket-back/internal/global/auth/info.go:36.16,37.13 1 1
github.com/lucky-pocket/luckyPocket-back/internal/global/auth/info.go:39.2,39.13 1 1
github.com/lucky-pocket/luckyPocket-back/internal/domain/data/constant/enum.go:10.30,11.11 1 0
github.com/lucky-pocket/luckyPocket-back/internal/domain/data/constant/enum.go:12.32,13.14 1 0
github.com/lucky-pocket/luckyPocket-back/internal/domain/data/constant/enum.go:15.2,15.14 1 0
github.com/lucky-pocket/luckyPocket-back/internal/domain/data/constant/enum.go:18.43,19.55 1 0
github.com/lucky-pocket/luckyPocket-back/internal/domain/data/constant/enum.go:19.55,21.3 1 0
github.com/lucky-pocket/luckyPocket-back/internal/domain/data/constant/enum.go:22.2,22.8 1 0
github.com/lucky-pocket/luckyPocket-back/internal/domain/data/constant/enum.go:32.28,33.11 1 0
github.com/lucky-pocket/luckyPocket-back/internal/domain/data/constant/enum.go:34.29,35.14 1 0
github.com/lucky-pocket/luckyPocket-back/internal/domain/data/constant/enum.go:37.2,37.14 1 0
github.com/lucky-pocket/luckyPocket-back/internal/domain/data/constant/enum.go:40.39,41.50 1 0
github.com/lucky-pocket/luckyPocket-back/internal/domain/data/constant/enum.go:41.50,43.3 1 0
github.com/lucky-pocket/luckyPocket-back/internal/domain/data/constant/enum.go:44.2,44.8 1 0
github.com/lucky-pocket/luckyPocket-back/internal/domain/data/constant/enum.go:55.32,56.11 1 0
github.com/lucky-pocket/luckyPocket-back/internal/domain/data/constant/enum.go:57.46,58.14 1 0
github.com/lucky-pocket/luckyPocket-back/internal/domain/data/constant/enum.go:60.2,60.14 1 0
github.com/lucky-pocket/luckyPocket-back/internal/domain/data/constant/enum.go:63.47,64.72 1 0
github.com/lucky-pocket/luckyPocket-back/internal/domain/data/constant/enum.go:64.72,66.3 1 0
github.com/lucky-pocket/luckyPocket-back/internal/domain/data/constant/enum.go:67.2,67.8 1 0
github.com/lucky-pocket/luckyPocket-back/internal/domain/data/constant/enum.go:77.34,78.11 1 0
github.com/lucky-pocket/luckyPocket-back/internal/domain/data/constant/enum.go:79.46,80.14 1 0
github.com/lucky-pocket/luckyPocket-back/internal/domain/data/constant/enum.go:82.2,82.14 1 0
github.com/lucky-pocket/luckyPocket-back/internal/domain/data/constant/enum.go:85.51,86.74 1 0
github.com/lucky-pocket/luckyPocket-back/internal/domain/data/constant/enum.go:86.74,88.3 1 0
github.com/lucky-pocket/luckyPocket-back/internal/domain/data/constant/enum.go:89.2,89.8 1 0
github.com/lucky-pocket/luckyPocket-back/internal/domain/data/constant/enum.go:99.32,100.11 1 0
github.com/lucky-pocket/luckyPocket-back/internal/domain/data/constant/enum.go:101.37,102.14 1 0
github.com/lucky-pocket/luckyPocket-back/internal/domain/data/constant/enum.go:104.2,104.14 1 0
github.com/lucky-pocket/luckyPocket-back/internal/domain/data/constant/enum.go:107.47,108.63 1 0
github.com/lucky-pocket/luckyPocket-back/internal/domain/data/constant/enum.go:108.63,110.3 1 0
github.com/lucky-pocket/luckyPocket-back/internal/domain/data/constant/enum.go:111.2,111.8 1 0
github.com/lucky-pocket/luckyPocket-back/internal/global/auth/info.go:20.61,22.2 1 0
github.com/lucky-pocket/luckyPocket-back/internal/global/auth/info.go:25.50,27.9 2 0
github.com/lucky-pocket/luckyPocket-back/internal/global/auth/info.go:27.9,29.3 1 0
github.com/lucky-pocket/luckyPocket-back/internal/global/auth/info.go:30.2,30.18 1 0
github.com/lucky-pocket/luckyPocket-back/internal/global/auth/info.go:34.45,36.16 2 0
github.com/lucky-pocket/luckyPocket-back/internal/global/auth/info.go:36.16,37.13 1 0
github.com/lucky-pocket/luckyPocket-back/internal/global/auth/info.go:39.2,39.13 1 0
github.com/lucky-pocket/luckyPocket-back/internal/global/auth/jwt/issuer.go:25.38,33.2 1 2
github.com/lucky-pocket/luckyPocket-back/internal/global/auth/jwt/issuer.go:36.57,38.2 1 1
github.com/lucky-pocket/luckyPocket-back/internal/global/auth/jwt/issuer.go:41.58,43.2 1 1
github.com/lucky-pocket/luckyPocket-back/internal/global/auth/jwt/issuer.go:46.76,56.2 3 4
github.com/lucky-pocket/luckyPocket-back/internal/global/auth/jwt/parser.go:18.38,23.2 1 1
github.com/lucky-pocket/luckyPocket-back/internal/global/auth/jwt/parser.go:26.54,28.86 2 2
github.com/lucky-pocket/luckyPocket-back/internal/global/auth/jwt/parser.go:28.86,29.39 1 2
github.com/lucky-pocket/luckyPocket-back/internal/global/auth/jwt/parser.go:29.39,31.4 1 0
github.com/lucky-pocket/luckyPocket-back/internal/global/auth/jwt/parser.go:33.3,33.23 1 2
github.com/lucky-pocket/luckyPocket-back/internal/global/auth/jwt/parser.go:36.2,36.16 1 2
github.com/lucky-pocket/luckyPocket-back/internal/global/auth/jwt/parser.go:36.16,38.3 1 1
github.com/lucky-pocket/luckyPocket-back/internal/global/auth/jwt/parser.go:40.2,40.19 1 1
github.com/lucky-pocket/luckyPocket-back/internal/global/auth/jwt/parser.go:43.47,44.32 1 2
github.com/lucky-pocket/luckyPocket-back/internal/global/auth/jwt/parser.go:44.32,46.3 1 0
github.com/lucky-pocket/luckyPocket-back/internal/global/auth/jwt/parser.go:47.2,47.12 1 2
github.com/lucky-pocket/luckyPocket-back/internal/global/config/config.go:9.22,11.2 1 0
github.com/lucky-pocket/luckyPocket-back/internal/global/config/load.go:15.34,18.45 2 5
github.com/lucky-pocket/luckyPocket-back/internal/global/config/load.go:18.45,20.3 1 1
github.com/lucky-pocket/luckyPocket-back/internal/global/config/load.go:22.2,22.35 1 4
github.com/lucky-pocket/luckyPocket-back/internal/global/config/load.go:22.35,24.3 1 1
github.com/lucky-pocket/luckyPocket-back/internal/global/config/load.go:26.2,27.54 2 3
github.com/lucky-pocket/luckyPocket-back/internal/global/config/load.go:27.54,29.3 1 2
github.com/lucky-pocket/luckyPocket-back/internal/global/config/load.go:31.2,33.12 2 1
github.com/lucky-pocket/luckyPocket-back/internal/global/config/load.go:38.29,39.38 1 4
github.com/lucky-pocket/luckyPocket-back/internal/global/config/load.go:39.38,42.66 2 5
github.com/lucky-pocket/luckyPocket-back/internal/global/config/load.go:42.66,45.17 3 4
github.com/lucky-pocket/luckyPocket-back/internal/global/config/load.go:45.17,47.5 1 1
github.com/lucky-pocket/luckyPocket-back/internal/global/config/load.go:49.4,49.23 1 4
github.com/lucky-pocket/luckyPocket-back/internal/global/config/load.go:52.2,52.8 1 4
github.com/lucky-pocket/luckyPocket-back/internal/domain/pocket.go:18.32,20.2 1 0
github.com/lucky-pocket/luckyPocket-back/internal/domain/user.go:24.30,26.2 1 0
github.com/lucky-pocket/luckyPocket-back/internal/domain/data/constant/enum.go:10.30,11.11 1 0
github.com/lucky-pocket/luckyPocket-back/internal/domain/data/constant/enum.go:12.32,13.14 1 0
github.com/lucky-pocket/luckyPocket-back/internal/domain/data/constant/enum.go:15.2,15.14 1 0
github.com/lucky-pocket/luckyPocket-back/internal/domain/data/constant/enum.go:18.43,19.55 1 0
github.com/lucky-pocket/luckyPocket-back/internal/domain/data/constant/enum.go:19.55,21.3 1 0
github.com/lucky-pocket/luckyPocket-back/internal/domain/data/constant/enum.go:22.2,22.8 1 0
github.com/lucky-pocket/luckyPocket-back/internal/domain/data/constant/enum.go:32.28,33.11 1 0
github.com/lucky-pocket/luckyPocket-back/internal/domain/data/constant/enum.go:34.29,35.14 1 0
github.com/lucky-pocket/luckyPocket-back/internal/domain/data/constant/enum.go:37.2,37.14 1 0
github.com/lucky-pocket/luckyPocket-back/internal/domain/data/constant/enum.go:40.39,41.50 1 0
github.com/lucky-pocket/luckyPocket-back/internal/domain/data/constant/enum.go:41.50,43.3 1 0
github.com/lucky-pocket/luckyPocket-back/internal/domain/data/constant/enum.go:44.2,44.8 1 0
github.com/lucky-pocket/luckyPocket-back/internal/domain/data/constant/enum.go:55.32,56.11 1 0
github.com/lucky-pocket/luckyPocket-back/internal/domain/data/constant/enum.go:57.46,58.14 1 0
github.com/lucky-pocket/luckyPocket-back/internal/domain/data/constant/enum.go:60.2,60.14 1 0
github.com/lucky-pocket/luckyPocket-back/internal/domain/data/constant/enum.go:63.47,64.72 1 0
github.com/lucky-pocket/luckyPocket-back/internal/domain/data/constant/enum.go:64.72,66.3 1 0
github.com/lucky-pocket/luckyPocket-back/internal/domain/data/constant/enum.go:67.2,67.8 1 0
github.com/lucky-pocket/luckyPocket-back/internal/domain/data/constant/enum.go:77.34,78.11 1 0
github.com/lucky-pocket/luckyPocket-back/internal/domain/data/constant/enum.go:79.46,80.14 1 0
github.com/lucky-pocket/luckyPocket-back/internal/domain/data/constant/enum.go:82.2,82.14 1 0
github.com/lucky-pocket/luckyPocket-back/internal/domain/data/constant/enum.go:85.51,86.74 1 0
github.com/lucky-pocket/luckyPocket-back/internal/domain/data/constant/enum.go:86.74,88.3 1 0
github.com/lucky-pocket/luckyPocket-back/internal/domain/data/constant/enum.go:89.2,89.8 1 0
github.com/lucky-pocket/luckyPocket-back/internal/domain/data/constant/enum.go:99.32,100.11 1 0
github.com/lucky-pocket/luckyPocket-back/internal/domain/data/constant/enum.go:101.37,102.14 1 0
github.com/lucky-pocket/luckyPocket-back/internal/domain/data/constant/enum.go:104.2,104.14 1 0
github.com/lucky-pocket/luckyPocket-back/internal/domain/data/constant/enum.go:107.47,108.63 1 0
github.com/lucky-pocket/luckyPocket-back/internal/domain/data/constant/enum.go:108.63,110.3 1 0
github.com/lucky-pocket/luckyPocket-back/internal/domain/data/constant/enum.go:111.2,111.8 1 0
github.com/lucky-pocket/luckyPocket-back/internal/global/auth/info.go:20.61,22.2 1 0
github.com/lucky-pocket/luckyPocket-back/internal/global/auth/info.go:25.50,27.9 2 0
github.com/lucky-pocket/luckyPocket-back/internal/global/auth/info.go:27.9,29.3 1 0
github.com/lucky-pocket/luckyPocket-back/internal/global/auth/info.go:30.2,30.18 1 0
github.com/lucky-pocket/luckyPocket-back/internal/global/auth/info.go:34.45,36.16 2 0
github.com/lucky-pocket/luckyPocket-back/internal/global/auth/info.go:36.16,37.13 1 0
github.com/lucky-pocket/luckyPocket-back/internal/global/auth/info.go:39.2,39.13 1 0
github.com/lucky-pocket/luckyPocket-back/internal/global/auth/jwt/issuer.go:25.38,33.2 1 0
github.com/lucky-pocket/luckyPocket-back/internal/global/auth/jwt/issuer.go:36.57,38.2 1 0
github.com/lucky-pocket/luckyPocket-back/internal/global/auth/jwt/issuer.go:41.58,43.2 1 0
github.com/lucky-pocket/luckyPocket-back/internal/global/auth/jwt/issuer.go:46.76,56.2 3 0
github.com/lucky-pocket/luckyPocket-back/internal/global/auth/jwt/parser.go:18.38,23.2 1 0
github.com/lucky-pocket/luckyPocket-back/internal/global/auth/jwt/parser.go:26.54,28.86 2 0
github.com/lucky-pocket/luckyPocket-back/internal/global/auth/jwt/parser.go:28.86,29.39 1 0
github.com/lucky-pocket/luckyPocket-back/internal/global/auth/jwt/parser.go:29.39,31.4 1 0
github.com/lucky-pocket/luckyPocket-back/internal/global/auth/jwt/parser.go:33.3,33.23 1 0
github.com/lucky-pocket/luckyPocket-back/internal/global/auth/jwt/parser.go:36.2,36.16 1 0
github.com/lucky-pocket/luckyPocket-back/internal/global/auth/jwt/parser.go:36.16,38.3 1 0
github.com/lucky-pocket/luckyPocket-back/internal/global/auth/jwt/parser.go:40.2,40.19 1 0
github.com/lucky-pocket/luckyPocket-back/internal/global/auth/jwt/parser.go:43.47,44.32 1 0
github.com/lucky-pocket/luckyPocket-back/internal/global/auth/jwt/parser.go:44.32,46.3 1 0
github.com/lucky-pocket/luckyPocket-back/internal/global/auth/jwt/parser.go:47.2,47.12 1 0
github.com/lucky-pocket/luckyPocket-back/internal/global/tx/multi_tx.go:12.34,17.25 2 5
github.com/lucky-pocket/luckyPocket-back/internal/global/tx/multi_tx.go:17.25,19.3 1 5
github.com/lucky-pocket/luckyPocket-back/internal/global/tx/multi_tx.go:21.2,21.14 1 5
github.com/lucky-pocket/luckyPocket-back/internal/global/tx/multi_tx.go:24.79,25.38 1 5
github.com/lucky-pocket/luckyPocket-back/internal/global/tx/multi_tx.go:25.38,27.15 2 5
github.com/lucky-pocket/luckyPocket-back/internal/global/tx/multi_tx.go:27.15,29.4 1 4
github.com/lucky-pocket/luckyPocket-back/internal/global/tx/multi_tx.go:30.3,30.28 1 5
github.com/lucky-pocket/luckyPocket-back/internal/global/tx/multi_tx.go:32.2,32.17 1 5
github.com/lucky-pocket/luckyPocket-back/internal/global/tx/multi_tx.go:35.42,36.29 1 2
github.com/lucky-pocket/luckyPocket-back/internal/global/tx/multi_tx.go:36.29,38.3 1 2
github.com/lucky-pocket/luckyPocket-back/internal/global/tx/multi_tx.go:39.2,39.12 1 2
github.com/lucky-pocket/luckyPocket-back/internal/global/tx/multi_tx.go:42.44,43.29 1 2
github.com/lucky-pocket/luckyPocket-back/internal/global/tx/multi_tx.go:43.29,45.3 1 2
github.com/lucky-pocket/luckyPocket-back/internal/global/tx/multi_tx.go:46.2,46.12 1 2
github.com/lucky-pocket/luckyPocket-back/internal/global/tx/tx_manager.go:15.29,17.2 1 1
github.com/lucky-pocket/luckyPocket-back/internal/global/tx/tx_manager.go:21.102,25.16 3 5
github.com/lucky-pocket/luckyPocket-back/internal/global/tx/tx_manager.go:25.16,27.3 1 1
github.com/lucky-pocket/luckyPocket-back/internal/global/tx/tx_manager.go:29.2,29.31 1 4
github.com/lucky-pocket/luckyPocket-back/internal/global/tx/tx_manager.go:29.31,31.36 2 2
github.com/lucky-pocket/luckyPocket-back/internal/global/tx/tx_manager.go:31.36,33.4 1 1
github.com/lucky-pocket/luckyPocket-back/internal/global/tx/tx_manager.go:34.3,34.13 1 1
github.com/lucky-pocket/luckyPocket-back/internal/global/tx/tx_manager.go:37.2,37.37 1 2
github.com/lucky-pocket/luckyPocket-back/internal/global/tx/tx_manager.go:37.37,39.3 1 1
github.com/lucky-pocket/luckyPocket-back/internal/global/tx/tx_manager.go:41.2,41.12 1 1
github.com/lucky-pocket/luckyPocket-back/test/mocks/AuthUseCase.go:24.55,26.2 1 0
github.com/lucky-pocket/luckyPocket-back/test/mocks/AuthUseCase.go:29.102,34.101 4 0
github.com/lucky-pocket/luckyPocket-back/test/mocks/AuthUseCase.go:34.101,36.3 1 0
github.com/lucky-pocket/luckyPocket-back/test/mocks/AuthUseCase.go:37.2,37.92 1 0
github.com/lucky-pocket/luckyPocket-back/test/mocks/AuthUseCase.go:37.92,39.3 1 0
github.com/lucky-pocket/luckyPocket-back/test/mocks/AuthUseCase.go:39.8,40.24 1 0
github.com/lucky-pocket/luckyPocket-back/test/mocks/AuthUseCase.go:40.24,42.4 1 0
github.com/lucky-pocket/luckyPocket-back/test/mocks/AuthUseCase.go:45.2,45.78 1 0
github.com/lucky-pocket/luckyPocket-back/test/mocks/AuthUseCase.go:45.78,47.3 1 0
github.com/lucky-pocket/luckyPocket-back/test/mocks/AuthUseCase.go:47.8,49.3 1 0
github.com/lucky-pocket/luckyPocket-back/test/mocks/AuthUseCase.go:51.2,51.15 1 0
github.com/lucky-pocket/luckyPocket-back/test/mocks/AuthUseCase.go:62.97,64.2 1 0
github.com/lucky-pocket/luckyPocket-back/test/mocks/AuthUseCase.go:66.116,67.40 1 0
github.com/lucky-pocket/luckyPocket-back/test/mocks/AuthUseCase.go:67.40,69.3 1 0
github.com/lucky-pocket/luckyPocket-back/test/mocks/AuthUseCase.go:70.2,70.11 1 0
github.com/lucky-pocket/luckyPocket-back/test/mocks/AuthUseCase.go:73.102,76.2 2 0
github.com/lucky-pocket/luckyPocket-back/test/mocks/AuthUseCase.go:78.146,81.2 2 0
github.com/lucky-pocket/luckyPocket-back/test/mocks/AuthUseCase.go:84.83,88.81 3 0
github.com/lucky-pocket/luckyPocket-back/test/mocks/AuthUseCase.go:88.81,90.3 1 0
github.com/lucky-pocket/luckyPocket-back/test/mocks/AuthUseCase.go:90.8,92.3 1 0
github.com/lucky-pocket/luckyPocket-back/test/mocks/AuthUseCase.go:94.2,94.11 1 0
github.com/lucky-pocket/luckyPocket-back/test/mocks/AuthUseCase.go:105.99,107.2 1 0
github.com/lucky-pocket/luckyPocket-back/test/mocks/AuthUseCase.go:109.121,110.40 1 0
github.com/lucky-pocket/luckyPocket-back/test/mocks/AuthUseCase.go:110.40,112.3 1 0
github.com/lucky-pocket/luckyPocket-back/test/mocks/AuthUseCase.go:113.2,113.11 1 0
github.com/lucky-pocket/luckyPocket-back/test/mocks/AuthUseCase.go:116.79,119.2 2 0
github.com/lucky-pocket/luckyPocket-back/test/mocks/AuthUseCase.go:121.128,124.2 2 0
github.com/lucky-pocket/luckyPocket-back/test/mocks/AuthUseCase.go:127.112,132.104 4 0
github.com/lucky-pocket/luckyPocket-back/test/mocks/AuthUseCase.go:132.104,134.3 1 0
github.com/lucky-pocket/luckyPocket-back/test/mocks/AuthUseCase.go:135.2,135.95 1 0
github.com/lucky-pocket/luckyPocket-back/test/mocks/AuthUseCase.go:135.95,137.3 1 0
github.com/lucky-pocket/luckyPocket-back/test/mocks/AuthUseCase.go:137.8,138.24 1 0
github.com/lucky-pocket/luckyPocket-back/test/mocks/AuthUseCase.go:138.24,140.4 1 0
github.com/lucky-pocket/luckyPocket-back/test/mocks/AuthUseCase.go:143.2,143.81 1 0
github.com/lucky-pocket/luckyPocket-back/test/mocks/AuthUseCase.go:143.81,145.3 1 0
github.com/lucky-pocket/luckyPocket-back/test/mocks/AuthUseCase.go:145.8,147.3 1 0
github.com/lucky-pocket/luckyPocket-back/test/mocks/AuthUseCase.go:149.2,149.15 1 0
github.com/lucky-pocket/luckyPocket-back/test/mocks/AuthUseCase.go:160.111,162.2 1 0
github.com/lucky-pocket/luckyPocket-back/test/mocks/AuthUseCase.go:164.133,165.40 1 0
github.com/lucky-pocket/luckyPocket-back/test/mocks/AuthUseCase.go:165.40,167.3 1 0
github.com/lucky-pocket/luckyPocket-back/test/mocks/AuthUseCase.go:168.2,168.11 1 0
github.com/lucky-pocket/luckyPocket-back/test/mocks/AuthUseCase.go:171.116,174.2 2 0
github.com/lucky-pocket/luckyPocket-back/test/mocks/AuthUseCase.go:176.163,179.2 2 0
github.com/lucky-pocket/luckyPocket-back/test/mocks/AuthUseCase.go:186.17,190.19 3 0
github.com/lucky-pocket/luckyPocket-back/test/mocks/AuthUseCase.go:190.19,190.49 1 0
github.com/lucky-pocket/luckyPocket-back/test/mocks/AuthUseCase.go:192.2,192.13 1 0
github.com/lucky-pocket/luckyPocket-back/test/mocks/BlackListRepository.go:20.71,22.2 1 0
github.com/lucky-pocket/luckyPocket-back/test/mocks/BlackListRepository.go:25.95,30.76 4 0
github.com/lucky-pocket/luckyPocket-back/test/mocks/BlackListRepository.go:30.76,32.3 1 0
github.com/lucky-pocket/luckyPocket-back/test/mocks/BlackListRepository.go:33.2,33.67 1 0
github.com/lucky-pocket/luckyPocket-back/test/mocks/BlackListRepository.go:33.67,35.3 1 0
github.com/lucky-pocket/luckyPocket-back/test/mocks/BlackListRepository.go:35.8,37.3 1 0
github.com/lucky-pocket/luckyPocket-back/test/mocks/BlackListRepository.go:39.2,39.68 1 0
github.com/lucky-pocket/luckyPocket-back/test/mocks/BlackListRepository.go:39.68,41.3 1 0
github.com/lucky-pocket/luckyPocket-back/test/mocks/BlackListRepository.go:41.8,43.3 1 0
github.com/lucky-pocket/luckyPocket-back/test/mocks/BlackListRepository.go:45.2,45.15 1 0
github.com/lucky-pocket/luckyPocket-back/test/mocks/BlackListRepository.go:56.124,58.2 1 0
github.com/lucky-pocket/luckyPocket-back/test/mocks/BlackListRepository.go:60.133,61.40 1 0
github.com/lucky-pocket/luckyPocket-back/test/mocks/BlackListRepository.go:61.40,63.3 1 0
github.com/lucky-pocket/luckyPocket-back/test/mocks/BlackListRepository.go:64.2,64.11 1 0
github.com/lucky-pocket/luckyPocket-back/test/mocks/BlackListRepository.go:67.105,70.2 2 0
github.com/lucky-pocket/luckyPocket-back/test/mocks/BlackListRepository.go:72.139,75.2 2 0
github.com/lucky-pocket/luckyPocket-back/test/mocks/BlackListRepository.go:78.85,82.68 3 0
github.com/lucky-pocket/luckyPocket-back/test/mocks/BlackListRepository.go:82.68,84.3 1 0
github.com/lucky-pocket/luckyPocket-back/test/mocks/BlackListRepository.go:84.8,86.3 1 0
github.com/lucky-pocket/luckyPocket-back/test/mocks/BlackListRepository.go:88.2,88.11 1 0
github.com/lucky-pocket/luckyPocket-back/test/mocks/BlackListRepository.go:99.120,101.2 1 0
github.com/lucky-pocket/luckyPocket-back/test/mocks/BlackListRepository.go:103.129,104.40 1 0
github.com/lucky-pocket/luckyPocket-back/test/mocks/BlackListRepository.go:104.40,106.3 1 0
github.com/lucky-pocket/luckyPocket-back/test/mocks/BlackListRepository.go:107.2,107.11 1 0
github.com/lucky-pocket/luckyPocket-back/test/mocks/BlackListRepository.go:110.91,113.2 2 0
github.com/lucky-pocket/luckyPocket-back/test/mocks/BlackListRepository.go:115.127,118.2 2 0
github.com/lucky-pocket/luckyPocket-back/test/mocks/BlackListRepository.go:125.25,129.19 3 0
github.com/lucky-pocket/luckyPocket-back/test/mocks/BlackListRepository.go:129.19,129.49 1 0
github.com/lucky-pocket/luckyPocket-back/test/mocks/BlackListRepository.go:131.2,131.13 1 0
github.com/lucky-pocket/luckyPocket-back/test/mocks/GameUseCase.go:24.55,26.2 1 0
github.com/lucky-pocket/luckyPocket-back/test/mocks/GameUseCase.go:29.89,34.84 4 0
github.com/lucky-pocket/luckyPocket-back/test/mocks/GameUseCase.go:34.84,36.3 1 0
github.com/lucky-pocket/luckyPocket-back/test/mocks/GameUseCase.go:37.2,37.75 1 0
github.com/lucky-pocket/luckyPocket-back/test/mocks/GameUseCase.go:37.75,39.3 1 0
github.com/lucky-pocket/luckyPocket-back/test/mocks/GameUseCase.go:39.8,40.24 1 0
github.com/lucky-pocket/luckyPocket-back/test/mocks/GameUseCase.go:40.24,42.4 1 0
github.com/lucky-pocket/luckyPocket-back/test/mocks/GameUseCase.go:45.2,45.60 1 0
github.com/lucky-pocket/luckyPocket-back/test/mocks/GameUseCase.go:45.60,47.3 1 0
github.com/lucky-pocket/luckyPocket-back/test/mocks/GameUseCase.go:47.8,49.3 1 0
github.com/lucky-pocket/luckyPocket-back/test/mocks/GameUseCase.go:51.2,51.15 1 0
github.com/lucky-pocket/luckyPocket-back/test/mocks/GameUseCase.go:61.96,63.2 1 0
github.com/lucky-pocket/luckyPocket-back/test/mocks/GameUseCase.go:65.110,66.40 1 0
github.com/lucky-pocket/luckyPocket-back/test/mocks/GameUseCase.go:66.40,68.3 1 0
github.com/lucky-pocket/luckyPocket-back/test/mocks/GameUseCase.go:69.2,69.11 1 0
github.com/lucky-pocket/luckyPocket-back/test/mocks/GameUseCase.go:72.119,75.2 2 0
github.com/lucky-pocket/luckyPocket-back/test/mocks/GameUseCase.go:77.145,80.2 2 0
github.com/lucky-pocket/luckyPocket-back/test/mocks/GameUseCase.go:83.102,88.99 4 0
github.com/lucky-pocket/luckyPocket-back/test/mocks/GameUseCase.go:88.99,90.3 1 0
github.com/lucky-pocket/luckyPocket-back/test/mocks/GameUseCase.go:91.2,91.90 1 0
github.com/lucky-pocket/luckyPocket-back/test/mocks/GameUseCase.go:91.90,93.3 1 0
github.com/lucky-pocket/luckyPocket-back/test/mocks/GameUseCase.go:93.8,94.24 1 0
github.com/lucky-pocket/luckyPocket-back/test/mocks/GameUseCase.go:94.24,96.4 1 0
github.com/lucky-pocket/luckyPocket-back/test/mocks/GameUseCase.go:99.2,99.78 1 0
github.com/lucky-pocket/luckyPocket-back/test/mocks/GameUseCase.go:99.78,101.3 1 0
github.com/lucky-pocket/luckyPocket-back/test/mocks/GameUseCase.go:101.8,103.3 1 0
github.com/lucky-pocket/luckyPocket-back/test/mocks/GameUseCase.go:105.2,105.15 1 0
github.com/lucky-pocket/luckyPocket-back/test/mocks/GameUseCase.go:116.101,118.2 1 0
github.com/lucky-pocket/luckyPocket-back/test/mocks/GameUseCase.go:120.120,121.40 1 0
github.com/lucky-pocket/luckyPocket-back/test/mocks/GameUseCase.go:121.40,123.3 1 0
github.com/lucky-pocket/luckyPocket-back/test/mocks/GameUseCase.go:124.2,124.11 1 0
github.com/lucky-pocket/luckyPocket-back/test/mocks/GameUseCase.go:127.104,130.2 2 0
github.com/lucky-pocket/luckyPocket-back/test/mocks/GameUseCase.go:132.148,135.2 2 0
github.com/lucky-pocket/luckyPocket-back/test/mocks/GameUseCase.go:142.17,146.19 3 0
github.com/lucky-pocket/luckyPocket-back/test/mocks/GameUseCase.go:146.19,146.49 1 0
github.com/lucky-pocket/luckyPocket-back/test/mocks/GameUseCase.go:148.2,148.13 1 0
github.com/lucky-pocket/luckyPocket-back/test/mocks/Issuer.go:22.45,24.2 1 0
github.com/lucky-pocket/luckyPocket-back/test/mocks/Issuer.go:27.77,31.70 3 0
github.com/lucky-pocket/luckyPocket-back/test/mocks/Issuer.go:31.70,33.3 1 0
github.com/lucky-pocket/luckyPocket-back/test/mocks/Issuer.go:33.8,35.3 1 0
github.com/lucky-pocket/luckyPocket-back/test/mocks/Issuer.go:37.2,37.11 1 0
github.com/lucky-pocket/luckyPocket-back/test/mocks/Issuer.go:48.98,50.2 1 0
github.com/lucky-pocket/luckyPocket-back/test/mocks/Issuer.go:52.108,53.40 1 0
github.com/lucky-pocket/luckyPocket-back/test/mocks/Issuer.go:53.40,55.3 1 0
github.com/lucky-pocket/luckyPocket-back/test/mocks/Issuer.go:56.2,56.11 1 0
github.com/lucky-pocket/luckyPocket-back/test/mocks/Issuer.go:59.68,62.2 2 0
github.com/lucky-pocket/luckyPocket-back/test/mocks/Issuer.go:64.105,67.2 2 0
github.com/lucky-pocket/luckyPocket-back/test/mocks/Issuer.go:70.58,74.55 3 0
github.com/lucky-pocket/luckyPocket-back/test/mocks/Issuer.go:74.55,76.3 1 0
github.com/lucky-pocket/luckyPocket-back/test/mocks/Issuer.go:76.8,78.3 1 0
github.com/lucky-pocket/luckyPocket-back/test/mocks/Issuer.go:80.2,80.11 1 0
github.com/lucky-pocket/luckyPocket-back/test/mocks/Issuer.go:90.87,92.2 1 0
github.com/lucky-pocket/luckyPocket-back/test/mocks/Issuer.go:94.95,95.40 1 0
github.com/lucky-pocket/luckyPocket-back/test/mocks/Issuer.go:95.40,97.3 1 0
github.com/lucky-pocket/luckyPocket-back/test/mocks/Issuer.go:98.2,98.11 1 0
github.com/lucky-pocket/luckyPocket-back/test/mocks/Issuer.go:101.80,104.2 2 0
github.com/lucky-pocket/luckyPocket-back/test/mocks/Issuer.go:106.102,109.2 2 0
github.com/lucky-pocket/luckyPocket-back/test/mocks/Issuer.go:112.59,116.55 3 0
github.com/lucky-pocket/luckyPocket-back/test/mocks/Issuer.go:116.55,118.3 1 0
github.com/lucky-pocket/luckyPocket-back/test/mocks/Issuer.go:118.8,120.3 1 0
github.com/lucky-pocket/luckyPocket-back/test/mocks/Issuer.go:122.2,122.11 1 0
github.com/lucky-pocket/luckyPocket-back/test/mocks/Issuer.go:132.89,134.2 1 0
github.com/lucky-pocket/luckyPocket-back/test/mocks/Issuer.go:136.97,137.40 1 0
github.com/lucky-pocket/luckyPocket-back/test/mocks/Issuer.go:137.40,139.3 1 0
github.com/lucky-pocket/luckyPocket-back/test/mocks/Issuer.go:140.2,140.11 1 0
github.com/lucky-pocket/luckyPocket-back/test/mocks/Issuer.go:143.82,146.2 2 0
github.com/lucky-pocket/luckyPocket-back/test/mocks/Issuer.go:148.104,151.2 2 0
github.com/lucky-pocket/luckyPocket-back/test/mocks/Issuer.go:158.12,162.19 3 0
github.com/lucky-pocket/luckyPocket-back/test/mocks/Issuer.go:162.19,162.49 1 0
github.com/lucky-pocket/luckyPocket-back/test/mocks/Issuer.go:164.2,164.13 1 0
github.com/lucky-pocket/luckyPocket-back/test/mocks/Manager.go:21.47,23.2 1 0
github.com/lucky-pocket/luckyPocket-back/test/mocks/Manager.go:26.99,28.22 2 0
github.com/lucky-pocket/luckyPocket-back/test/mocks/Manager.go:28.22,30.3 1 0
github.com/lucky-pocket/luckyPocket-back/test/mocks/Manager.go:31.2,37.99 6 0
github.com/lucky-pocket/luckyPocket-back/test/mocks/Manager.go:37.99,39.3 1 0
github.com/lucky-pocket/luckyPocket-back/test/mocks/Manager.go:39.8,41.3 1 0
github.com/lucky-pocket/luckyPocket-back/test/mocks/Manager.go:43.2,43.11 1 0
github.com/lucky-pocket/luckyPocket-back/test/mocks/Manager.go:55.109,58.2 1 0
github.com/lucky-pocket/luckyPocket-back/test/mocks/Manager.go:60.133,61.40 1 0
github.com/lucky-pocket/luckyPocket-back/test/mocks/Manager.go:61.40,63.30 2 0
github.com/lucky-pocket/luckyPocket-back/test/mocks/Manager.go:63.30,64.16 1 0
github.com/lucky-pocket/luckyPocket-back/test/mocks/Manager.go:64.16,66.5 1 0
github.com/lucky-pocket/luckyPocket-back/test/mocks/Manager.go:68.3,68.89 1 0
github.com/lucky-pocket/luckyPocket-back/test/mocks/Manager.go:70.2,70.11 1 0
github.com/lucky-pocket/luckyPocket-back/test/mocks/Manager.go:73.71,76.2 2 0
github.com/lucky-pocket/luckyPocket-back/test/mocks/Manager.go:78.138,81.2 2 0
github.com/lucky-pocket/luckyPocket-back/test/mocks/Manager.go:88.13,92.19 3 0
github.com/lucky-pocket/luckyPocket-back/test/mocks/Manager.go:92.19,92.49 1 0
github.com/lucky-pocket/luckyPocket-back/test/mocks/Manager.go:94.2,94.13 1 0
github.com/lucky-pocket/luckyPocket-back/test/mocks/NoticeRepository.go:23.65,25.2 1 0
github.com/lucky-pocket/luckyPocket-back/test/mocks/NoticeRepository.go:28.89,32.78 3 0
github.com/lucky-pocket/luckyPocket-back/test/mocks/NoticeRepository.go:32.78,34.3 1 0
github.com/lucky-pocket/luckyPocket-back/test/mocks/NoticeRepository.go:34.8,36.3 1 0
github.com/lucky-pocket/luckyPocket-back/test/mocks/NoticeRepository.go:38.2,38.11 1 0
github.com/lucky-pocket/luckyPocket-back/test/mocks/NoticeRepository.go:49.113,51.2 1 0
github.com/lucky-pocket/luckyPocket-back/test/mocks/NoticeRepository.go:53.132,54.40 1 0
github.com/lucky-pocket/luckyPocket-back/test/mocks/NoticeRepository.go:54.40,56.3 1 0
github.com/lucky-pocket/luckyPocket-back/test/mocks/NoticeRepository.go:57.2,57.11 1 0
github.com/lucky-pocket/luckyPocket-back/test/mocks/NoticeRepository.go:60.89,63.2 2 0
github.com/lucky-pocket/luckyPocket-back/test/mocks/NoticeRepository.go:65.135,68.2 2 0
github.com/lucky-pocket/luckyPocket-back/test/mocks/NoticeRepository.go:71.115,76.96 4 0
github.com/lucky-pocket/luckyPocket-back/test/mocks/NoticeRepository.go:76.96,78.3 1 0
github.com/lucky-pocket/luckyPocket-back/test/mocks/NoticeRepository.go:79.2,79.87 1 0
github.com/lucky-pocket/luckyPocket-back/test/mocks/NoticeRepository.go:79.87,81.3 1 0
github.com/lucky-pocket/luckyPocket-back/test/mocks/NoticeRepository.go:81.8,82.24 1 0
github.com/lucky-pocket/luckyPocket-back/test/mocks/NoticeRepository.go:82.24,84.4 1 0
github.com/lucky-pocket/luckyPocket-back/test/mocks/NoticeRepository.go:87.2,87.68 1 0
github.com/lucky-pocket/luckyPocket-back/test/mocks/NoticeRepository.go:87.68,89.3 1 0
github.com/lucky-pocket/luckyPocket-back/test/mocks/NoticeRepository.go:89.8,91.3 1 0
github.com/lucky-pocket/luckyPocket-back/test/mocks/NoticeRepository.go:93.2,93.15 1 0
github.com/lucky-pocket/luckyPocket-back/test/mocks/NoticeRepository.go:104.130,106.2 1 0
github.com/lucky-pocket/luckyPocket-back/test/mocks/NoticeRepository.go:108.139,109.40 1 0
github.com/lucky-pocket/luckyPocket-back/test/mocks/NoticeRepository.go:109.40,111.3 1 0
github.com/lucky-pocket/luckyPocket-back/test/mocks/NoticeRepository.go:112.2,112.11 1 0
github.com/lucky-pocket/luckyPocket-back/test/mocks/NoticeRepository.go:115.137,118.2 2 0
github.com/lucky-pocket/luckyPocket-back/test/mocks/NoticeRepository.go:120.171,123.2 2 0
github.com/lucky-pocket/luckyPocket-back/test/mocks/NoticeRepository.go:126.100,131.86 4 0
github.com/lucky-pocket/luckyPocket-back/test/mocks/NoticeRepository.go:131.86,133.3 1 0
github.com/lucky-pocket/luckyPocket-back/test/mocks/NoticeRepository.go:134.2,134.77 1 0
github.com/lucky-pocket/luckyPocket-back/test/mocks/NoticeRepository.go:134.77,136.3 1 0
github.com/lucky-pocket/luckyPocket-back/test/mocks/NoticeRepository.go:136.8,137.24 1 0
github.com/lucky-pocket/luckyPocket-back/test/mocks/NoticeRepository.go:137.24,139.4 1 0
github.com/lucky-pocket/luckyPocket-back/test/mocks/NoticeRepository.go:142.2,142.68 1 0
github.com/lucky-pocket/luckyPocket-back/test/mocks/NoticeRepository.go:142.68,144.3 1 0
github.com/lucky-pocket/luckyPocket-back/test/mocks/NoticeRepository.go:144.8,146.3 1 0
github.com/lucky-pocket/luckyPocket-back/test/mocks/NoticeRepository.go:148.2,148.15 1 0
github.com/lucky-pocket/luckyPocket-back/test/mocks/NoticeRepository.go:159.118,161.2 1 0
github.com/lucky-pocket/luckyPocket-back/test/mocks/NoticeRepository.go:163.127,164.40 1 0
github.com/lucky-pocket/luckyPocket-back/test/mocks/NoticeRepository.go:164.40,166.3 1 0
github.com/lucky-pocket/luckyPocket-back/test/mocks/NoticeRepository.go:167.2,167.11 1 0
github.com/lucky-pocket/luckyPocket-back/test/mocks/NoticeRepository.go:170.113,173.2 2 0
github.com/lucky-pocket/luckyPocket-back/test/mocks/NoticeRepository.go:175.147,178.2 2 0
github.com/lucky-pocket/luckyPocket-back/test/mocks/NoticeRepository.go:185.22,189.19 3 0
github.com/lucky-pocket/luckyPocket-back/test/mocks/NoticeRepository.go:189.19,189.49 1 0
github.com/lucky-pocket/luckyPocket-back/test/mocks/NoticeRepository.go:191.2,191.13 1 0
github.com/lucky-pocket/luckyPocket-back/test/mocks/NoticeUseCase.go:22.59,24.2 1 0
github.com/lucky-pocket/luckyPocket-back/test/mocks/NoticeUseCase.go:27.91,32.88 4 0
github.com/lucky-pocket/luckyPocket-back/test/mocks/NoticeUseCase.go:32.88,34.3 1 0
github.com/lucky-pocket/luckyPocket-back/test/mocks/NoticeUseCase.go:35.2,35.79 1 0
github.com/lucky-pocket/luckyPocket-back/test/mocks/NoticeUseCase.go:35.79,37.3 1 0
github.com/lucky-pocket/luckyPocket-back/test/mocks/NoticeUseCase.go:37.8,38.24 1 0
github.com/lucky-pocket/luckyPocket-back/test/mocks/NoticeUseCase.go:38.24,40.4 1 0
github.com/lucky-pocket/luckyPocket-back/test/mocks/NoticeUseCase.go:43.2,43.60 1 0
github.com/lucky-pocket/luckyPocket-back/test/mocks/NoticeUseCase.go:43.60,45.3 1 0
github.com/lucky-pocket/luckyPocket-back/test/mocks/NoticeUseCase.go:45.8,47.3 1 0
github.com/lucky-pocket/luckyPocket-back/test/mocks/NoticeUseCase.go:49.2,49.15 1 0
github.com/lucky-pocket/luckyPocket-back/test/mocks/NoticeUseCase.go:59.92,61.2 1 0
github.com/lucky-pocket/luckyPocket-back/test/mocks/NoticeUseCase.go:63.106,64.40 1 0
github.com/lucky-pocket/luckyPocket-back/test/mocks/NoticeUseCase.go:64.40,66.3 1 0
github.com/lucky-pocket/luckyPocket-back/test/mocks/NoticeUseCase.go:67.2,67.11 1 0
github.com/lucky-pocket/luckyPocket-back/test/mocks/NoticeUseCase.go:70.119,73.2 2 0
github.com/lucky-pocket/luckyPocket-back/test/mocks/NoticeUseCase.go:75.145,78.2 2 0
github.com/lucky-pocket/luckyPocket-back/test/mocks/NoticeUseCase.go:85.19,89.19 3 0
github.com/lucky-pocket/luckyPocket-back/test/mocks/NoticeUseCase.go:89.19,89.49 1 0
github.com/lucky-pocket/luckyPocket-back/test/mocks/NoticeUseCase.go:91.2,91.13 1 0
github.com/lucky-pocket/luckyPocket-back/test/mocks/Parser.go:19.45,21.2 1 0
github.com/lucky-pocket/luckyPocket-back/test/mocks/Parser.go:24.59,29.65 4 0
github.com/lucky-pocket/luckyPocket-back/test/mocks/Parser.go:29.65,31.3 1 0
github.com/lucky-pocket/luckyPocket-back/test/mocks/Parser.go:32.2,32.56 1 0
github.com/lucky-pocket/luckyPocket-back/test/mocks/Parser.go:32.56,34.3 1 0
github.com/lucky-pocket/luckyPocket-back/test/mocks/Parser.go:34.8,35.24 1 0
github.com/lucky-pocket/luckyPocket-back/test/mocks/Parser.go:35.24,37.4 1 0
github.com/lucky-pocket/luckyPocket-back/test/mocks/Parser.go:40.2,40.51 1 0
github.com/lucky-pocket/luckyPocket-back/test/mocks/Parser.go:40.51,42.3 1 0
github.com/lucky-pocket/luckyPocket-back/test/mocks/Parser.go:42.8,44.3 1 0
github.com/lucky-pocket/luckyPocket-back/test/mocks/Parser.go:46.2,46.15 1 0
github.com/lucky-pocket/luckyPocket-back/test/mocks/Parser.go:56.72,58.2 1 0
github.com/lucky-pocket/luckyPocket-back/test/mocks/Parser.go:60.77,61.40 1 0
github.com/lucky-pocket/luckyPocket-back/test/mocks/Parser.go:61.40,63.3 1 0
github.com/lucky-pocket/luckyPocket-back/test/mocks/Parser.go:64.2,64.11 1 0
github.com/lucky-pocket/luckyPocket-back/test/mocks/Parser.go:67.83,70.2 2 0
github.com/lucky-pocket/luckyPocket-back/test/mocks/Parser.go:72.100,75.2 2 0
github.com/lucky-pocket/luckyPocket-back/test/mocks/Parser.go:82.12,86.19 3 0
github.com/lucky-pocket/luckyPocket-back/test/mocks/Parser.go:86.19,86.49 1 0
github.com/lucky-pocket/luckyPocket-back/test/mocks/Parser.go:88.2,88.13 1 0
github.com/lucky-pocket/luckyPocket-back/test/mocks/PocketRepository.go:21.65,23.2 1 0
github.com/lucky-pocket/luckyPocket-back/test/mocks/PocketRepository.go:26.86,30.76 3 0
github.com/lucky-pocket/luckyPocket-back/test/mocks/PocketRepository.go:30.76,32.3 1 0
github.com/lucky-pocket/luckyPocket-back/test/mocks/PocketRepository.go:32.8,34.3 1 0
github.com/lucky-pocket/luckyPocket-back/test/mocks/PocketRepository.go:36.2,36.11 1 0
github.com/lucky-pocket/luckyPocket-back/test/mocks/PocketRepository.go:47.112,49.2 1 0
github.com/lucky-pocket/luckyPocket-back/test/mocks/PocketRepository.go:51.129,52.40 1 0
github.com/lucky-pocket/luckyPocket-back/test/mocks/PocketRepository.go:52.40,54.3 1 0
github.com/lucky-pocket/luckyPocket-back/test/mocks/PocketRepository.go:55.2,55.11 1 0
github.com/lucky-pocket/luckyPocket-back/test/mocks/PocketRepository.go:58.89,61.2 2 0
github.com/lucky-pocket/luckyPocket-back/test/mocks/PocketRepository.go:63.133,66.2 2 0
github.com/lucky-pocket/luckyPocket-back/test/mocks/PocketRepository.go:69.100,74.86 4 0
github.com/lucky-pocket/luckyPocket-back/test/mocks/PocketRepository.go:74.86,76.3 1 0
github.com/lucky-pocket/luckyPocket-back/test/mocks/PocketRepository.go:77.2,77.77 1 0
github.com/lucky-pocket/luckyPocket-back/test/mocks/PocketRepository.go:77.77,79.3 1 0
github.com/lucky-pocket/luckyPocket-back/test/mocks/PocketRepository.go:79.8,80.24 1 0
github.com/lucky-pocket/luckyPocket-back/test/mocks/PocketRepository.go:80.24,82.4 1 0
github.com/lucky-pocket/luckyPocket-back/test/mocks/PocketRepository.go:85.2,85.68 1 0
github.com/lucky-pocket/luckyPocket-back/test/mocks/PocketRepository.go:85.68,87.3 1 0
github.com/lucky-pocket/luckyPocket-back/test/mocks/PocketRepository.go:87.8,89.3 1 0
github.com/lucky-pocket/luckyPocket-back/test/mocks/PocketRepository.go:91.2,91.15 1 0
github.com/lucky-pocket/luckyPocket-back/test/mocks/PocketRepository.go:102.118,104.2 1 0
github.com/lucky-pocket/luckyPocket-back/test/mocks/PocketRepository.go:106.127,107.40 1 0
github.com/lucky-pocket/luckyPocket-back/test/mocks/PocketRepository.go:107.40,109.3 1 0
github.com/lucky-pocket/luckyPocket-back/test/mocks/PocketRepository.go:110.2,110.11 1 0
github.com/lucky-pocket/luckyPocket-back/test/mocks/PocketRepository.go:113.113,116.2 2 0
github.com/lucky-pocket/luckyPocket-back/test/mocks/PocketRepository.go:118.147,121.2 2 0
github.com/lucky-pocket/luckyPocket-back/test/mocks/PocketRepository.go:124.131,129.98 4 0
github.com/lucky-pocket/luckyPocket-back/test/mocks/PocketRepository.go:129.98,131.3 1 0
github.com/lucky-pocket/luckyPocket-back/test/mocks/PocketRepository.go:132.2,132.89 1 0
github.com/lucky-pocket/luckyPocket-back/test/mocks/PocketRepository.go:132.89,134.3 1 0
github.com/lucky-pocket/luckyPocket-back/test/mocks/PocketRepository.go:134.8,135.24 1 0
github.com/lucky-pocket/luckyPocket-back/test/mocks/PocketRepository.go:135.24,137.4 1 0
github.com/lucky-pocket/luckyPocket-back/test/mocks/PocketRepository.go:140.2,140.78 1 0
github.com/lucky-pocket/luckyPocket-back/test/mocks/PocketRepository.go:140.78,142.3 1 0
github.com/lucky-pocket/luckyPocket-back/test/mocks/PocketRepository.go:142.8,144.3 1 0
github.com/lucky-pocket/luckyPocket-back/test/mocks/PocketRepository.go:146.2,146.15 1 0
github.com/lucky-pocket/luckyPocket-back/test/mocks/PocketRepository.go:159.171,161.2 1 0
github.com/lucky-pocket/luckyPocket-back/test/mocks/PocketRepository.go:163.164,164.40 1 0
github.com/lucky-pocket/luckyPocket-back/test/mocks/PocketRepository.go:164.40,166.3 1 0
github.com/lucky-pocket/luckyPocket-back/test/mocks/PocketRepository.go:167.2,167.11 1 0
github.com/lucky-pocket/luckyPocket-back/test/mocks/PocketRepository.go:170.131,173.2 2 0
github.com/lucky-pocket/luckyPocket-back/test/mocks/PocketRepository.go:175.175,178.2 2 0
github.com/lucky-pocket/luckyPocket-back/test/mocks/PocketRepository.go:185.22,189.19 3 0
github.com/lucky-pocket/luckyPocket-back/test/mocks/PocketRepository.go:189.19,189.49 1 0
github.com/lucky-pocket/luckyPocket-back/test/mocks/PocketRepository.go:191.2,191.13 1 0
github.com/lucky-pocket/luckyPocket-back/test/mocks/PocketUseCase.go:24.59,26.2 1 0
github.com/lucky-pocket/luckyPocket-back/test/mocks/PocketUseCase.go:29.119,34.106 4 0
github.com/lucky-pocket/luckyPocket-back/test/mocks/PocketUseCase.go:34.106,36.3 1 0
github.com/lucky-pocket/luckyPocket-back/test/mocks/PocketUseCase.go:37.2,37.97 1 0
github.com/lucky-pocket/luckyPocket-back/test/mocks/PocketUseCase.go:37.97,39.3 1 0
github.com/lucky-pocket/luckyPocket-back/test/mocks/PocketUseCase.go:39.8,40.24 1 0
github.com/lucky-pocket/luckyPocket-back/test/mocks/PocketUseCase.go:40.24,42.4 1 0
github.com/lucky-pocket/luckyPocket-back/test/mocks/PocketUseCase.go:45.2,45.82 1 0
github.com/lucky-pocket/luckyPocket-back/test/mocks/PocketUseCase.go:45.82,47.3 1 0
github.com/lucky-pocket/luckyPocket-back/test/mocks/PocketUseCase.go:47.8,49.3 1 0
github.com/lucky-pocket/luckyPocket-back/test/mocks/PocketUseCase.go:51.2,51.15 1 0
github.com/lucky-pocket/luckyPocket-back/test/mocks/PocketUseCase.go:62.121,64.2 1 0
github.com/lucky-pocket/luckyPocket-back/test/mocks/PocketUseCase.go:66.144,67.40 1 0
github.com/lucky-pocket/luckyPocket-back/test/mocks/PocketUseCase.go:67.40,69.3 1 0
github.com/lucky-pocket/luckyPocket-back/test/mocks/PocketUseCase.go:70.2,70.11 1 0
github.com/lucky-pocket/luckyPocket-back/test/mocks/PocketUseCase.go:73.127,76.2 2 0
github.com/lucky-pocket/luckyPocket-back/test/mocks/PocketUseCase.go:78.175,81.2 2 0
github.com/lucky-pocket/luckyPocket-back/test/mocks/PocketUseCase.go:84.120,89.108 4 0
github.com/lucky-pocket/luckyPocket-back/test/mocks/PocketUseCase.go:89.108,91.3 1 0
github.com/lucky-pocket/luckyPocket-back/test/mocks/PocketUseCase.go:92.2,92.99 1 0
github.com/lucky-pocket/luckyPocket-back/test/mocks/PocketUseCase.go:92.99,94.3 1 0
github.com/lucky-pocket/luckyPocket-back/test/mocks/PocketUseCase.go:94.8,95.24 1 0
github.com/lucky-pocket/luckyPocket-back/test/mocks/PocketUseCase.go:95.24,97.4 1 0
github.com/lucky-pocket/luckyPocket-back/test/mocks/PocketUseCase.go:100.2,100.80 1 0
github.com/lucky-pocket/luckyPocket-back/test/mocks/PocketUseCase.go:100.80,102.3 1 0
github.com/lucky-pocket/luckyPocket-back/test/mocks/PocketUseCase.go:102.8,104.3 1 0
github.com/lucky-pocket/luckyPocket-back/test/mocks/PocketUseCase.go:106.2,106.15 1 0
github.com/lucky-pocket/luckyPocket-back/test/mocks/PocketUseCase.go:117.119,119.2 1 0
github.com/lucky-pocket/luckyPocket-back/test/mocks/PocketUseCase.go:121.140,122.40 1 0
github.com/lucky-pocket/luckyPocket-back/test/mocks/PocketUseCase.go:122.40,124.3 1 0
github.com/lucky-pocket/luckyPocket-back/test/mocks/PocketUseCase.go:125.2,125.11 1 0
github.com/lucky-pocket/luckyPocket-back/test/mocks/PocketUseCase.go:128.129,131.2 2 0
github.com/lucky-pocket/luckyPocket-back/test/mocks/PocketUseCase.go:133.175,136.2 2 0
github.com/lucky-pocket/luckyPocket-back/test/mocks/PocketUseCase.go:139.90,143.80 3 0
github.com/lucky-pocket/luckyPocket-back/test/mocks/PocketUseCase.go:143.80,145.3 1 0
github.com/lucky-pocket/luckyPocket-back/test/mocks/PocketUseCase.go:145.8,147.3 1 0
github.com/lucky-pocket/luckyPocket-back/test/mocks/PocketUseCase.go:149.2,149.11 1 0
github.com/lucky-pocket/luckyPocket-back/test/mocks/PocketUseCase.go:160.115,162.2 1 0
github.com/lucky-pocket/luckyPocket-back/test/mocks/PocketUseCase.go:164.136,165.40 1 0
github.com/lucky-pocket/luckyPocket-back/test/mocks/PocketUseCase.go:165.40,167.3 1 0
github.com/lucky-pocket/luckyPocket-back/test/mocks/PocketUseCase.go:168.2,168.11 1 0
github.com/lucky-pocket/luckyPocket-back/test/mocks/PocketUseCase.go:171.95,174.2 2 0
github.com/lucky-pocket/luckyPocket-back/test/mocks/PocketUseCase.go:176.143,179.2 2 0
github.com/lucky-pocket/luckyPocket-back/test/mocks/PocketUseCase.go:182.88,186.80 3 0
github.com/lucky-pocket/luckyPocket-back/test/mocks/PocketUseCase.go:186.80,188.3 1 0
github.com/lucky-pocket/luckyPocket-back/test/mocks/PocketUseCase.go:188.8,190.3 1 0
github.com/lucky-pocket/luckyPocket-back/test/mocks/PocketUseCase.go:192.2,192.11 1 0
github.com/lucky-pocket/luckyPocket-back/test/mocks/PocketUseCase.go:203.111,205.2 1 0
github.com/lucky-pocket/luckyPocket-back/test/mocks/PocketUseCase.go:207.132,208.40 1 0
github.com/lucky-pocket/luckyPocket-back/test/mocks/PocketUseCase.go:208.40,210.3 1 0
github.com/lucky-pocket/luckyPocket-back/test/mocks/PocketUseCase.go:211.2,211.11 1 0
github.com/lucky-pocket/luckyPocket-back/test/mocks/PocketUseCase.go:214.91,217.2 2 0
github.com/lucky-pocket/luckyPocket-back/test/mocks/PocketUseCase.go:219.139,222.2 2 0
github.com/lucky-pocket/luckyPocket-back/test/mocks/PocketUseCase.go:225.95,229.84 3 0
github.com/lucky-pocket/luckyPocket-back/test/mocks/PocketUseCase.go:229.84,231.3 1 0
github.com/lucky-pocket/luckyPocket-back/test/mocks/PocketUseCase.go:231.8,233.3 1 0
github.com/lucky-pocket/luckyPocket-back/test/mocks/PocketUseCase.go:235.2,235.11 1 0
github.com/lucky-pocket/luckyPocket-back/test/mocks/PocketUseCase.go:246.117,248.2 1 0
github.com/lucky-pocket/luckyPocket-back/test/mocks/PocketUseCase.go:250.142,251.40 1 0
github.com/lucky-pocket/luckyPocket-back/test/mocks/PocketUseCase.go:251.40,253.3 1 0
github.com/lucky-pocket/luckyPocket-back/test/mocks/PocketUseCase.go:254.2,254.11 1 0
github.com/lucky-pocket/luckyPocket-back/test/mocks/PocketUseCase.go:257.97,260.2 2 0
github.com/lucky-pocket/luckyPocket-back/test/mocks/PocketUseCase.go:262.149,265.2 2 0
github.com/lucky-pocket/luckyPocket-back/test/mocks/PocketUseCase.go:272.19,276.19 3 0
github.com/lucky-pocket/luckyPocket-back/test/mocks/PocketUseCase.go:276.19,276.49 1 0
github.com/lucky-pocket/luckyPocket-back/test/mocks/PocketUseCase.go:278.2,278.13 1 0
github.com/lucky-pocket/luckyPocket-back/test/mocks/Transactor.go:19.53,21.2 1 0
github.com/lucky-pocket/luckyPocket-back/test/mocks/Transactor.go:24.37,28.45 3 0
github.com/lucky-pocket/luckyPocket-back/test/mocks/Transactor.go:28.45,30.3 1 0
github.com/lucky-pocket/luckyPocket-back/test/mocks/Transactor.go:30.8,31.24 1 0
github.com/lucky-pocket/luckyPocket-back/test/mocks/Transactor.go:31.24,33.4 1 0
github.com/lucky-pocket/luckyPocket-back/test/mocks/Transactor.go:36.2,36.11 1 0
github.com/lucky-pocket/luckyPocket-back/test/mocks/Transactor.go:45.63,47.2 1 0
github.com/lucky-pocket/luckyPocket-back/test/mocks/Transactor.go:49.73,50.40 1 0
github.com/lucky-pocket/luckyPocket-back/test/mocks/Transactor.go:50.40,52.3 1 0
github.com/lucky-pocket/luckyPocket-back/test/mocks/Transactor.go:53.2,53.11 1 0
github.com/lucky-pocket/luckyPocket-back/test/mocks/Transactor.go:56.75,59.2 2 0
github.com/lucky-pocket/luckyPocket-back/test/mocks/Transactor.go:61.88,64.2 2 0
github.com/lucky-pocket/luckyPocket-back/test/mocks/Transactor.go:71.16,75.19 3 0
github.com/lucky-pocket/luckyPocket-back/test/mocks/Transactor.go:75.19,75.49 1 0
github.com/lucky-pocket/luckyPocket-back/test/mocks/Transactor.go:77.2,77.13 1 0
github.com/lucky-pocket/luckyPocket-back/test/mocks/Tx.go:16.37,18.2 1 0
github.com/lucky-pocket/luckyPocket-back/test/mocks/Tx.go:21.44,26.60 4 5
github.com/lucky-pocket/luckyPocket-back/test/mocks/Tx.go:26.60,28.3 1 0
github.com/lucky-pocket/luckyPocket-back/test/mocks/Tx.go:29.2,29.51 1 5
github.com/lucky-pocket/luckyPocket-back/test/mocks/Tx.go:29.51,31.3 1 0
github.com/lucky-pocket/luckyPocket-back/test/mocks/Tx.go:31.8,32.24 1 5
github.com/lucky-pocket/luckyPocket-back/test/mocks/Tx.go:32.24,34.4 1 5
github.com/lucky-pocket/luckyPocket-back/test/mocks/Tx.go:37.2,37.45 1 5
github.com/lucky-pocket/luckyPocket-back/test/mocks/Tx.go:37.45,39.3 1 0
github.com/lucky-pocket/luckyPocket-back/test/mocks/Tx.go:39.8,41.3 1 5
github.com/lucky-pocket/luckyPocket-back/test/mocks/Tx.go:43.2,43.15 1 5
github.com/lucky-pocket/luckyPocket-back/test/mocks/Tx.go:52.47,54.2 1 0
github.com/lucky-pocket/luckyPocket-back/test/mocks/Tx.go:56.57,57.40 1 0
github.com/lucky-pocket/luckyPocket-back/test/mocks/Tx.go:57.40,59.3 1 0
github.com/lucky-pocket/luckyPocket-back/test/mocks/Tx.go:60.2,60.11 1 0
github.com/lucky-pocket/luckyPocket-back/test/mocks/Tx.go:63.76,66.2 2 0
github.com/lucky-pocket/luckyPocket-back/test/mocks/Tx.go:68.87,71.2 2 0
github.com/lucky-pocket/luckyPocket-back/test/mocks/Tx.go:74.30,78.45 3 2
github.com/lucky-pocket/luckyPocket-back/test/mocks/Tx.go:78.45,80.3 1 0
github.com/lucky-pocket/luckyPocket-back/test/mocks/Tx.go:80.8,82.3 1 2
github.com/lucky-pocket/luckyPocket-back/test/mocks/Tx.go:84.2,84.11 1 2
github.com/lucky-pocket/luckyPocket-back/test/mocks/Tx.go:93.49,95.2 1 0
github.com/lucky-pocket/luckyPocket-back/test/mocks/Tx.go:97.59,98.40 1 0
github.com/lucky-pocket/luckyPocket-back/test/mocks/Tx.go:98.40,100.3 1 0
github.com/lucky-pocket/luckyPocket-back/test/mocks/Tx.go:101.2,101.11 1 0
github.com/lucky-pocket/luckyPocket-back/test/mocks/Tx.go:104.61,107.2 2 0
github.com/lucky-pocket/luckyPocket-back/test/mocks/Tx.go:109.74,112.2 2 0
github.com/lucky-pocket/luckyPocket-back/test/mocks/Tx.go:115.32,119.45 3 2
github.com/lucky-pocket/luckyPocket-back/test/mocks/Tx.go:119.45,121.3 1 0
github.com/lucky-pocket/luckyPocket-back/test/mocks/Tx.go:121.8,123.3 1 2
github.com/lucky-pocket/luckyPocket-back/test/mocks/Tx.go:125.2,125.11 1 2
github.com/lucky-pocket/luckyPocket-back/test/mocks/Tx.go:134.53,136.2 1 0
github.com/lucky-pocket/luckyPocket-back/test/mocks/Tx.go:138.63,139.40 1 0
github.com/lucky-pocket/luckyPocket-back/test/mocks/Tx.go:139.40,141.3 1 0
github.com/lucky-pocket/luckyPocket-back/test/mocks/Tx.go:142.2,142.11 1 0
github.com/lucky-pocket/luckyPocket-back/test/mocks/Tx.go:145.65,148.2 2 0
github.com/lucky-pocket/luckyPocket-back/test/mocks/Tx.go:150.78,153.2 2 0
github.com/lucky-pocket/luckyPocket-back/test/mocks/Tx.go:156.40,160.51 3 5
github.com/lucky-pocket/luckyPocket-back/test/mocks/Tx.go:160.51,162.3 1 0
github.com/lucky-pocket/luckyPocket-back/test/mocks/Tx.go:162.8,163.24 1 5
github.com/lucky-pocket/luckyPocket-back/test/mocks/Tx.go:163.24,165.4 1 5
github.com/lucky-pocket/luckyPocket-back/test/mocks/Tx.go:168.2,168.11 1 5
github.com/lucky-pocket/luckyPocket-back/test/mocks/Tx.go:177.57,179.2 1 0
github.com/lucky-pocket/luckyPocket-back/test/mocks/Tx.go:181.67,182.40 1 0
github.com/lucky-pocket/luckyPocket-back/test/mocks/Tx.go:182.40,184.3 1 0
github.com/lucky-pocket/luckyPocket-back/test/mocks/Tx.go:185.2,185.11 1 0
github.com/lucky-pocket/luckyPocket-back/test/mocks/Tx.go:188.75,191.2 2 0
github.com/lucky-pocket/luckyPocket-back/test/mocks/Tx.go:193.88,196.2 2 0
github.com/lucky-pocket/luckyPocket-back/test/mocks/Tx.go:203.8,207.19 3 1
github.com/lucky-pocket/luckyPocket-back/test/mocks/Tx.go:207.19,207.49 1 1
github.com/lucky-pocket/luckyPocket-back/test/mocks/Tx.go:209.2,209.13 1 1
github.com/lucky-pocket/luckyPocket-back/test/mocks/UserRepository.go:21.61,23.2 1 0
github.com/lucky-pocket/luckyPocket-back/test/mocks/UserRepository.go:26.80,30.74 3 0
github.com/lucky-pocket/luckyPocket-back/test/mocks/UserRepository.go:30.74,32.3 1 0
github.com/lucky-pocket/luckyPocket-back/test/mocks/UserRepository.go:32.8,34.3 1 0
github.com/lucky-pocket/luckyPocket-back/test/mocks/UserRepository.go:36.2,36.11 1 0
github.com/lucky-pocket/luckyPocket-back/test/mocks/UserRepository.go:47.106,49.2 1 0
github.com/lucky-pocket/luckyPocket-back/test/mocks/UserRepository.go:51.121,52.40 1 0
github.com/lucky-pocket/luckyPocket-back/test/mocks/UserRepository.go:52.40,54.3 1 0
github.com/lucky-pocket/luckyPocket-back/test/mocks/UserRepository.go:55.2,55.11 1 0
github.com/lucky-pocket/luckyPocket-back/test/mocks/UserRepository.go:58.85,61.2 2 0
github.com/lucky-pocket/luckyPocket-back/test/mocks/UserRepository.go:63.127,66.2 2 0
github.com/lucky-pocket/luckyPocket-back/test/mocks/UserRepository.go:69.84,74.76 4 0
github.com/lucky-pocket/luckyPocket-back/test/mocks/UserRepository.go:74.76,76.3 1 0
github.com/lucky-pocket/luckyPocket-back/test/mocks/UserRepository.go:77.2,77.67 1 0
github.com/lucky-pocket/luckyPocket-back/test/mocks/UserRepository.go:77.67,79.3 1 0
github.com/lucky-pocket/luckyPocket-back/test/mocks/UserRepository.go:79.8,81.3 1 0
github.com/lucky-pocket/luckyPocket-back/test/mocks/UserRepository.go:83.2,83.68 1 0
github.com/lucky-pocket/luckyPocket-back/test/mocks/UserRepository.go:83.68,85.3 1 0
github.com/lucky-pocket/luckyPocket-back/test/mocks/UserRepository.go:85.8,87.3 1 0
github.com/lucky-pocket/luckyPocket-back/test/mocks/UserRepository.go:89.2,89.15 1 0
github.com/lucky-pocket/luckyPocket-back/test/mocks/UserRepository.go:100.108,102.2 1 0
github.com/lucky-pocket/luckyPocket-back/test/mocks/UserRepository.go:104.117,105.40 1 0
github.com/lucky-pocket/luckyPocket-back/test/mocks/UserRepository.go:105.40,107.3 1 0
github.com/lucky-pocket/luckyPocket-back/test/mocks/UserRepository.go:108.2,108.11 1 0
github.com/lucky-pocket/luckyPocket-back/test/mocks/UserRepository.go:111.95,114.2 2 0
github.com/lucky-pocket/luckyPocket-back/test/mocks/UserRepository.go:116.129,119.2 2 0
github.com/lucky-pocket/luckyPocket-back/test/mocks/UserRepository.go:122.94,127.84 4 0
github.com/lucky-pocket/luckyPocket-back/test/mocks/UserRepository.go:127.84,129.3 1 0
github.com/lucky-pocket/luckyPocket-back/test/mocks/UserRepository.go:130.2,130.75 1 0
github.com/lucky-pocket/luckyPocket-back/test/mocks/UserRepository.go:130.75,132.3 1 0
github.com/lucky-pocket/luckyPocket-back/test/mocks/UserRepository.go:132.8,133.24 1 0
github.com/lucky-pocket/luckyPocket-back/test/mocks/UserRepository.go:133.24,135.4 1 0
github.com/lucky-pocket/luckyPocket-back/test/mocks/UserRepository.go:138.2,138.68 1 0
github.com/lucky-pocket/luckyPocket-back/test/mocks/UserRepository.go:138.68,140.3 1 0
github.com/lucky-pocket/luckyPocket-back/test/mocks/UserRepository.go:140.8,142.3 1 0
github.com/lucky-pocket/luckyPocket-back/test/mocks/UserRepository.go:144.2,144.15 1 0
github.com/lucky-pocket/luckyPocket-back/test/mocks/UserRepository.go:155.112,157.2 1 0
github.com/lucky-pocket/luckyPocket-back/test/mocks/UserRepository.go:159.121,160.40 1 0
github.com/lucky-pocket/luckyPocket-back/test/mocks/UserRepository.go:160.40,162.3 1 0
github.com/lucky-pocket/luckyPocket-back/test/mocks/UserRepository.go:163.2,163.11 1 0
github.com/lucky-pocket/luckyPocket-back/test/mocks/UserRepository.go:166.107,169.2 2 0
github.com/lucky-pocket/luckyPocket-back/test/mocks/UserRepository.go:171.141,174.2 2 0
github.com/lucky-pocket/luckyPocket-back/test/mocks/UserRepository.go:181.20,185.19 3 0
github.com/lucky-pocket/luckyPocket-back/test/mocks/UserRepository.go:185.19,185.49 1 0
github.com/lucky-pocket/luckyPocket-back/test/mocks/UserRepository.go:187.2,187.13 1 0
github.com/lucky-pocket/luckyPocket-back/test/mocks/UserUseCase.go:24.55,26.2 1 0
github.com/lucky-pocket/luckyPocket-back/test/mocks/UserUseCase.go:29.84,34.82 4 0
github.com/lucky-pocket/luckyPocket-back/test/mocks/UserUseCase.go:34.82,36.3 1 0
github.com/lucky-pocket/luckyPocket-back/test/mocks/UserUseCase.go:37.2,37.73 1 0
github.com/lucky-pocket/luckyPocket-back/test/mocks/UserUseCase.go:37.73,39.3 1 0
github.com/lucky-pocket/luckyPocket-back/test/mocks/UserUseCase.go:39.8,40.24 1 0
github.com/lucky-pocket/luckyPocket-back/test/mocks/UserUseCase.go:40.24,42.4 1 0
github.com/lucky-pocket/luckyPocket-back/test/mocks/UserUseCase.go:45.2,45.60 1 0
github.com/lucky-pocket/luckyPocket-back/test/mocks/UserUseCase.go:45.60,47.3 1 0
github.com/lucky-pocket/luckyPocket-back/test/mocks/UserUseCase.go:47.8,49.3 1 0
github.com/lucky-pocket/luckyPocket-back/test/mocks/UserUseCase.go:51.2,51.15 1 0
github.com/lucky-pocket/luckyPocket-back/test/mocks/UserUseCase.go:61.90,63.2 1 0
github.com/lucky-pocket/luckyPocket-back/test/mocks/UserUseCase.go:65.104,66.40 1 0
github.com/lucky-pocket/luckyPocket-back/test/mocks/UserUseCase.go:66.40,68.3 1 0
github.com/lucky-pocket/luckyPocket-back/test/mocks/UserUseCase.go:69.2,69.11 1 0
github.com/lucky-pocket/luckyPocket-back/test/mocks/UserUseCase.go:72.111,75.2 2 0
github.com/lucky-pocket/luckyPocket-back/test/mocks/UserUseCase.go:77.137,80.2 2 0
github.com/lucky-pocket/luckyPocket-back/test/mocks/UserUseCase.go:83.89,88.86 4 0
github.com/lucky-pocket/luckyPocket-back/test/mocks/UserUseCase.go:88.86,90.3 1 0
github.com/lucky-pocket/luckyPocket-back/test/mocks/UserUseCase.go:91.2,91.77 1 0
github.com/lucky-pocket/luckyPocket-back/test/mocks/UserUseCase.go:91.77,93.3 1 0
github.com/lucky-pocket/luckyPocket-back/test/mocks/UserUseCase.go:93.8,94.24 1 0
github.com/lucky-pocket/luckyPocket-back/test/mocks/UserUseCase.go:94.24,96.4 1 0
github.com/lucky-pocket/luckyPocket-back/test/mocks/UserUseCase.go:99.2,99.60 1 0
github.com/lucky-pocket/luckyPocket-back/test/mocks/UserUseCase.go:99.60,101.3 1 0
github.com/lucky-pocket/luckyPocket-back/test/mocks/UserUseCase.go:101.8,103.3 1 0
github.com/lucky-pocket/luckyPocket-back/test/mocks/UserUseCase.go:105.2,105.15 1 0
github.com/lucky-pocket/luckyPocket-back/test/mocks/UserUseCase.go:115.92,117.2 1 0
github.com/lucky-pocket/luckyPocket-back/test/mocks/UserUseCase.go:119.106,120.40 1 0
github.com/lucky-pocket/luckyPocket-back/test/mocks/UserUseCase.go:120.40,122.3 1 0
github.com/lucky-pocket/luckyPocket-back/test/mocks/UserUseCase.go:123.2,123.11 1 0
github.com/lucky-pocket/luckyPocket-back/test/mocks/UserUseCase.go:126.117,129.2 2 0
github.com/lucky-pocket/luckyPocket-back/test/mocks/UserUseCase.go:131.143,134.2 2 0
github.com/lucky-pocket/luckyPocket-back/test/mocks/UserUseCase.go:137.106,142.100 4 0
github.com/lucky-pocket/luckyPocket-back/test/mocks/UserUseCase.go:142.100,144.3 1 0
github.com/lucky-pocket/luckyPocket-back/test/mocks/UserUseCase.go:145.2,145.91 1 0
github.com/lucky-pocket/luckyPocket-back/test/mocks/UserUseCase.go:145.91,147.3 1 0
github.com/lucky-pocket/luckyPocket-back/test/mocks/UserUseCase.go:147.8,148.24 1 0
github.com/lucky-pocket/luckyPocket-back/test/mocks/UserUseCase.go:148.24,150.4 1 0
github.com/lucky-pocket/luckyPocket-back/test/mocks/UserUseCase.go:153.2,153.78 1 0
github.com/lucky-pocket/luckyPocket-back/test/mocks/UserUseCase.go:153.78,155.3 1 0
github.com/lucky-pocket/luckyPocket-back/test/mocks/UserUseCase.go:155.8,157.3 1 0
github.com/lucky-pocket/luckyPocket-back/test/mocks/UserUseCase.go:159.2,159.15 1 0
github.com/lucky-pocket/luckyPocket-back/test/mocks/UserUseCase.go:170.107,172.2 1 0
github.com/lucky-pocket/luckyPocket-back/test/mocks/UserUseCase.go:174.126,175.40 1 0
github.com/lucky-pocket/luckyPocket-back/test/mocks/UserUseCase.go:175.40,177.3 1 0
github.com/lucky-pocket/luckyPocket-back/test/mocks/UserUseCase.go:178.2,178.11 1 0
github.com/lucky-pocket/luckyPocket-back/test/mocks/UserUseCase.go:181.111,184.2 2 0
github.com/lucky-pocket/luckyPocket-back/test/mocks/UserUseCase.go:186.155,189.2 2 0
github.com/lucky-pocket/luckyPocket-back/test/mocks/UserUseCase.go:192.85,197.80 4 0
github.com/lucky-pocket/luckyPocket-back/test/mocks/UserUseCase.go:197.80,199.3 1 0
github.com/lucky-pocket/luckyPocket-back/test/mocks/UserUseCase.go:200.2,200.71 1 0
github.com/lucky-pocket/luckyPocket-back/test/mocks/UserUseCase.go:200.71,202.3 1 0
github.com/lucky-pocket/luckyPocket-back/test/mocks/UserUseCase.go:202.8,203.24 1 0
github.com/lucky-pocket/luckyPocket-back/test/mocks/UserUseCase.go:203.24,205.4 1 0
github.com/lucky-pocket/luckyPocket-back/test/mocks/UserUseCase.go:208.2,208.60 1 0
github.com/lucky-pocket/luckyPocket-back/test/mocks/UserUseCase.go:208.60,210.3 1 0
github.com/lucky-pocket/luckyPocket-back/test/mocks/UserUseCase.go:210.8,212.3 1 0
github.com/lucky-pocket/luckyPocket-back/test/mocks/UserUseCase.go:214.2,214.15 1 0
github.com/lucky-pocket/luckyPocket-back/test/mocks/UserUseCase.go:224.96,226.2 1 0
github.com/lucky-pocket/luckyPocket-back/test/mocks/UserUseCase.go:228.110,229.40 1 0
github.com/lucky-pocket/luckyPocket-back/test/mocks/UserUseCase.go:229.40,231.3 1 0
github.com/lucky-pocket/luckyPocket-back/test/mocks/UserUseCase.go:232.2,232.11 1 0
github.com/lucky-pocket/luckyPocket-back/test/mocks/UserUseCase.go:235.115,238.2 2 0
github.com/lucky-pocket/luckyPocket-back/test/mocks/UserUseCase.go:240.141,243.2 2 0
github.com/lucky-pocket/luckyPocket-back/test/mocks/UserUseCase.go:250.17,254.19 3 0
github.com/lucky-pocket/luckyPocket-back/test/mocks/UserUseCase.go:254.19,254.49 1 0
github.com/lucky-pocket/luckyPocket-back/test/mocks/UserUseCase.go:256.2,256.13 1 0
